<?xml version="1.0" encoding="UTF-8"?>
<!-- Generated by org.testng.reporters.JUnitXMLReporter -->
<testsuite hostname="LAPTOP-LE5SPD4L" ignored="2" name="Command line test" tests="2" failures="0" timestamp="2022-06-21T11:32:27 IST" time="154.008" errors="0">
  <testcase name="CreateContactTest1" time="25.393" classname="com.crrm.Contact.CreateContactTest"/>
  <testcase name="CreateDocumentTest1" time="20.844" classname="com.crrm.Contact.CreateDocumentTest"/>
  <testcase name="@BeforeSuite dbconfig" time="0.0" classname="com.crm.comcast.genericUtilities.BaseClass1">
    <ignored/>
  </testcase> <!-- @BeforeSuite dbconfig -->
  <testcase name="@AfterSuite CloseDb" time="0.0" classname="com.crm.comcast.genericUtilities.BaseClass1">
    <ignored/>
  </testcase> <!-- @AfterSuite CloseDb -->
</testsuite> <!-- Command line test -->
