<?xml version="1.0" encoding="UTF-8"?>
<!-- Generated by org.testng.reporters.JUnitXMLReporter -->
<testsuite ignored="2" hostname="LAPTOP-LE5SPD4L" failures="0" tests="2" name="Test" time="0.287" errors="0" timestamp="2022-06-15T21:32:43 IST">
  <testcase classname="com.crm.comcast.genericUtilities.BaseClass1" name="@BeforeClass launchTheBrowser" time="0.191">
    <failure type="java.lang.IllegalStateException" message="The path to the driver executable must be set by the webdriver.gecko.driver system property; for more information, see https://github.com/mozilla/geckodriver. The latest version can be downloaded from https://github.com/mozilla/geckodriver/releases">
      <![CDATA[java.lang.IllegalStateException: The path to the driver executable must be set by the webdriver.gecko.driver system property; for more information, see https://github.com/mozilla/geckodriver. The latest version can be downloaded from https://github.com/mozilla/geckodriver/releases
at com.google.common.base.Preconditions.checkState(Preconditions.java:847)
at org.openqa.selenium.remote.service.DriverService.findExecutable(DriverService.java:134)
at org.openqa.selenium.firefox.GeckoDriverService.access$100(GeckoDriverService.java:44)
at org.openqa.selenium.firefox.GeckoDriverService$Builder.findDefaultExecutable(GeckoDriverService.java:167)
at org.openqa.selenium.remote.service.DriverService$Builder.build(DriverService.java:355)
at org.openqa.selenium.firefox.FirefoxDriver.toExecutor(FirefoxDriver.java:190)
at org.openqa.selenium.firefox.FirefoxDriver.<init>(FirefoxDriver.java:147)
at org.openqa.selenium.firefox.FirefoxDriver.<init>(FirefoxDriver.java:125)
at com.crm.comcast.genericUtilities.BaseClass1.launchTheBrowser(BaseClass1.java:59)
at java.base/java.util.ArrayList.forEach(ArrayList.java:1511)
... Removed 25 stack frames]]>
    </failure>
  </testcase> <!-- @BeforeClass launchTheBrowser -->
  <testcase classname="com.crm.comcast.genericUtilities.BaseClass1" name="@BeforeMethod LoginToApp" time="-1.655308963611E9">
    <skipped/>
  </testcase> <!-- @BeforeMethod LoginToApp -->
  <testcase classname="com.crm.comcast.genericUtilities.BaseClass1" name="@AfterMethod LogoutToApp" time="-1.65530896362E9">
    <skipped/>
  </testcase> <!-- @AfterMethod LogoutToApp -->
  <testcase classname="com.crm.comcast.genericUtilities.BaseClass1" name="@AfterClass CloseTheBrowser" time="-1.655308963622E9">
    <skipped/>
  </testcase> <!-- @AfterClass CloseTheBrowser -->
  <testcase classname="com.crm.comcast.genericUtilities.BaseClass1" name="@BeforeClass launchTheBrowser" time="0.017">
    <failure type="java.lang.IllegalStateException" message="The path to the driver executable must be set by the webdriver.gecko.driver system property; for more information, see https://github.com/mozilla/geckodriver. The latest version can be downloaded from https://github.com/mozilla/geckodriver/releases">
      <![CDATA[java.lang.IllegalStateException: The path to the driver executable must be set by the webdriver.gecko.driver system property; for more information, see https://github.com/mozilla/geckodriver. The latest version can be downloaded from https://github.com/mozilla/geckodriver/releases
at com.google.common.base.Preconditions.checkState(Preconditions.java:847)
at org.openqa.selenium.remote.service.DriverService.findExecutable(DriverService.java:134)
at org.openqa.selenium.firefox.GeckoDriverService.access$100(GeckoDriverService.java:44)
at org.openqa.selenium.firefox.GeckoDriverService$Builder.findDefaultExecutable(GeckoDriverService.java:167)
at org.openqa.selenium.remote.service.DriverService$Builder.build(DriverService.java:355)
at org.openqa.selenium.firefox.FirefoxDriver.toExecutor(FirefoxDriver.java:190)
at org.openqa.selenium.firefox.FirefoxDriver.<init>(FirefoxDriver.java:147)
at org.openqa.selenium.firefox.FirefoxDriver.<init>(FirefoxDriver.java:125)
at com.crm.comcast.genericUtilities.BaseClass1.launchTheBrowser(BaseClass1.java:59)
at java.base/java.util.ArrayList.forEach(ArrayList.java:1511)
... Removed 25 stack frames]]>
    </failure>
  </testcase> <!-- @BeforeClass launchTheBrowser -->
  <testcase classname="com.crm.comcast.genericUtilities.BaseClass1" name="@BeforeMethod LoginToApp" time="-1.655308963647E9">
    <skipped/>
  </testcase> <!-- @BeforeMethod LoginToApp -->
  <testcase classname="com.crm.comcast.genericUtilities.BaseClass1" name="@AfterMethod LogoutToApp" time="-1.655308963652E9">
    <skipped/>
  </testcase> <!-- @AfterMethod LogoutToApp -->
  <testcase classname="com.crm.comcast.genericUtilities.BaseClass1" name="@AfterClass CloseTheBrowser" time="-1.655308963654E9">
    <skipped/>
  </testcase> <!-- @AfterClass CloseTheBrowser -->
  <testcase classname="com.crrm.Contact.CreateContactTest" name="CreateContactTest1" time="0.0">
    <skipped/>
  </testcase> <!-- CreateContactTest1 -->
  <testcase classname="com.crrm.Contact.CreateDocumentTest" name="CreateDocumentTest1" time="0.0">
    <skipped/>
  </testcase> <!-- CreateDocumentTest1 -->
  <testcase classname="com.crm.comcast.genericUtilities.BaseClass1" name="@BeforeSuite dbconfig" time="0.0">
    <ignored/>
  </testcase> <!-- @BeforeSuite dbconfig -->
  <testcase classname="com.crm.comcast.genericUtilities.BaseClass1" name="@AfterSuite CloseDb" time="0.0">
    <ignored/>
  </testcase> <!-- @AfterSuite CloseDb -->
</testsuite> <!-- Test -->
